Analysis & Synthesis report for weizhi_uart
Tue Jun 05 10:05:46 2018
Quartus II 64-Bit Version 15.0.0 Build 145 04/22/2015 SJ Full Version


---------------------
; Table of Contents ;
---------------------
  1. Legal Notice
  2. Analysis & Synthesis Summary
  3. Analysis & Synthesis Settings
  4. Parallel Compilation
  5. Analysis & Synthesis Source Files Read
  6. Analysis & Synthesis Resource Usage Summary
  7. Analysis & Synthesis Resource Utilization by Entity
  8. Registers Removed During Synthesis
  9. Removed Registers Triggering Further Register Optimizations
 10. General Register Statistics
 11. Multiplexer Restructuring Statistics (Restructuring Performed)
 12. Post-Synthesis Netlist Statistics for Top Partition
 13. Elapsed Time Per Partition
 14. Analysis & Synthesis Messages



----------------
; Legal Notice ;
----------------
Copyright (C) 1991-2015 Altera Corporation. All rights reserved.
Your use of Altera Corporation's design tools, logic functions 
and other software and tools, and its AMPP partner logic 
functions, and any output files from any of the foregoing 
(including device programming or simulation files), and any 
associated documentation or information are expressly subject 
to the terms and conditions of the Altera Program License 
Subscription Agreement, the Altera Quartus II License Agreement,
the Altera MegaCore Function License Agreement, or other 
applicable license agreement, including, without limitation, 
that your use is for the sole purpose of programming logic 
devices manufactured by Altera and sold by Altera or its 
authorized distributors.  Please refer to the applicable 
agreement for further details.



+----------------------------------------------------------------------------------+
; Analysis & Synthesis Summary                                                     ;
+------------------------------------+---------------------------------------------+
; Analysis & Synthesis Status        ; Successful - Tue Jun 05 10:05:46 2018       ;
; Quartus II 64-Bit Version          ; 15.0.0 Build 145 04/22/2015 SJ Full Version ;
; Revision Name                      ; weizhi_uart                                 ;
; Top-level Entity Name              ; main_new8                                   ;
; Family                             ; Cyclone IV E                                ;
; Total logic elements               ; 304                                         ;
;     Total combinational functions  ; 194                                         ;
;     Dedicated logic registers      ; 141                                         ;
; Total registers                    ; 141                                         ;
; Total pins                         ; 15                                          ;
; Total virtual pins                 ; 0                                           ;
; Total memory bits                  ; 0                                           ;
; Embedded Multiplier 9-bit elements ; 0                                           ;
; Total PLLs                         ; 0                                           ;
+------------------------------------+---------------------------------------------+


+----------------------------------------------------------------------------------------------------------------------+
; Analysis & Synthesis Settings                                                                                        ;
+----------------------------------------------------------------------------+--------------------+--------------------+
; Option                                                                     ; Setting            ; Default Value      ;
+----------------------------------------------------------------------------+--------------------+--------------------+
; Device                                                                     ; EP4CE6E22C8        ;                    ;
; Top-level entity name                                                      ; main_new8          ; weizhi_uart        ;
; Family name                                                                ; Cyclone IV E       ; Cyclone V          ;
; Use smart compilation                                                      ; Off                ; Off                ;
; Enable parallel Assembler and TimeQuest Timing Analyzer during compilation ; On                 ; On                 ;
; Enable compact report table                                                ; Off                ; Off                ;
; Restructure Multiplexers                                                   ; Auto               ; Auto               ;
; Create Debugging Nodes for IP Cores                                        ; Off                ; Off                ;
; Preserve fewer node names                                                  ; On                 ; On                 ;
; Disable OpenCore Plus hardware evaluation                                  ; Off                ; Off                ;
; Verilog Version                                                            ; Verilog_2001       ; Verilog_2001       ;
; VHDL Version                                                               ; VHDL_1993          ; VHDL_1993          ;
; State Machine Processing                                                   ; Auto               ; Auto               ;
; Safe State Machine                                                         ; Off                ; Off                ;
; Extract Verilog State Machines                                             ; On                 ; On                 ;
; Extract VHDL State Machines                                                ; On                 ; On                 ;
; Ignore Verilog initial constructs                                          ; Off                ; Off                ;
; Iteration limit for constant Verilog loops                                 ; 5000               ; 5000               ;
; Iteration limit for non-constant Verilog loops                             ; 250                ; 250                ;
; Add Pass-Through Logic to Inferred RAMs                                    ; On                 ; On                 ;
; Infer RAMs from Raw Logic                                                  ; On                 ; On                 ;
; Parallel Synthesis                                                         ; On                 ; On                 ;
; DSP Block Balancing                                                        ; Auto               ; Auto               ;
; NOT Gate Push-Back                                                         ; On                 ; On                 ;
; Power-Up Don't Care                                                        ; On                 ; On                 ;
; Remove Redundant Logic Cells                                               ; Off                ; Off                ;
; Remove Duplicate Registers                                                 ; On                 ; On                 ;
; Ignore CARRY Buffers                                                       ; Off                ; Off                ;
; Ignore CASCADE Buffers                                                     ; Off                ; Off                ;
; Ignore GLOBAL Buffers                                                      ; Off                ; Off                ;
; Ignore ROW GLOBAL Buffers                                                  ; Off                ; Off                ;
; Ignore LCELL Buffers                                                       ; Off                ; Off                ;
; Ignore SOFT Buffers                                                        ; On                 ; On                 ;
; Limit AHDL Integers to 32 Bits                                             ; Off                ; Off                ;
; Optimization Technique                                                     ; Balanced           ; Balanced           ;
; Carry Chain Length                                                         ; 70                 ; 70                 ;
; Auto Carry Chains                                                          ; On                 ; On                 ;
; Auto Open-Drain Pins                                                       ; On                 ; On                 ;
; Perform WYSIWYG Primitive Resynthesis                                      ; Off                ; Off                ;
; Auto ROM Replacement                                                       ; On                 ; On                 ;
; Auto RAM Replacement                                                       ; On                 ; On                 ;
; Auto DSP Block Replacement                                                 ; On                 ; On                 ;
; Auto Shift Register Replacement                                            ; Auto               ; Auto               ;
; Allow Shift Register Merging across Hierarchies                            ; Auto               ; Auto               ;
; Auto Clock Enable Replacement                                              ; On                 ; On                 ;
; Strict RAM Replacement                                                     ; Off                ; Off                ;
; Allow Synchronous Control Signals                                          ; On                 ; On                 ;
; Force Use of Synchronous Clear Signals                                     ; Off                ; Off                ;
; Auto RAM Block Balancing                                                   ; On                 ; On                 ;
; Auto RAM to Logic Cell Conversion                                          ; Off                ; Off                ;
; Auto Resource Sharing                                                      ; Off                ; Off                ;
; Allow Any RAM Size For Recognition                                         ; Off                ; Off                ;
; Allow Any ROM Size For Recognition                                         ; Off                ; Off                ;
; Allow Any Shift Register Size For Recognition                              ; Off                ; Off                ;
; Use LogicLock Constraints during Resource Balancing                        ; On                 ; On                 ;
; Ignore translate_off and synthesis_off directives                          ; Off                ; Off                ;
; Timing-Driven Synthesis                                                    ; On                 ; On                 ;
; Report Parameter Settings                                                  ; On                 ; On                 ;
; Report Source Assignments                                                  ; On                 ; On                 ;
; Report Connectivity Checks                                                 ; On                 ; On                 ;
; Ignore Maximum Fan-Out Assignments                                         ; Off                ; Off                ;
; Synchronization Register Chain Length                                      ; 2                  ; 2                  ;
; PowerPlay Power Optimization During Synthesis                              ; Normal compilation ; Normal compilation ;
; HDL message level                                                          ; Level2             ; Level2             ;
; Suppress Register Optimization Related Messages                            ; Off                ; Off                ;
; Number of Removed Registers Reported in Synthesis Report                   ; 5000               ; 5000               ;
; Number of Swept Nodes Reported in Synthesis Report                         ; 5000               ; 5000               ;
; Number of Inverted Registers Reported in Synthesis Report                  ; 100                ; 100                ;
; Clock MUX Protection                                                       ; On                 ; On                 ;
; Auto Gated Clock Conversion                                                ; Off                ; Off                ;
; Block Design Naming                                                        ; Auto               ; Auto               ;
; SDC constraint protection                                                  ; Off                ; Off                ;
; Synthesis Effort                                                           ; Auto               ; Auto               ;
; Shift Register Replacement - Allow Asynchronous Clear Signal               ; On                 ; On                 ;
; Pre-Mapping Resynthesis Optimization                                       ; Off                ; Off                ;
; Analysis & Synthesis Message Level                                         ; Medium             ; Medium             ;
; Disable Register Merging Across Hierarchies                                ; Auto               ; Auto               ;
; Resource Aware Inference For Block RAM                                     ; On                 ; On                 ;
; Synthesis Seed                                                             ; 1                  ; 1                  ;
+----------------------------------------------------------------------------+--------------------+--------------------+


+------------------------------------------+
; Parallel Compilation                     ;
+----------------------------+-------------+
; Processors                 ; Number      ;
+----------------------------+-------------+
; Number detected on machine ; 4           ;
; Maximum allowed            ; 2           ;
;                            ;             ;
; Average used               ; 1.00        ;
; Maximum used               ; 2           ;
;                            ;             ;
; Usage by Processor         ; % Time Used ;
;     Processor 1            ; 100.0%      ;
;     Processor 2            ; < 0.1%      ;
;     Processors 3-4         ;   0.0%      ;
+----------------------------+-------------+


+------------------------------------------------------------------------------------------------------------------------------------------------+
; Analysis & Synthesis Source Files Read                                                                                                         ;
+----------------------------------+-----------------+------------------------------------+--------------------------------------------+---------+
; File Name with User-Entered Path ; Used in Netlist ; File Type                          ; File Name with Absolute Path               ; Library ;
+----------------------------------+-----------------+------------------------------------+--------------------------------------------+---------+
; uart.v                           ; yes             ; User Verilog HDL File              ; D:/FPGA_pro/weizhi_uart8bit/uart.v         ;         ;
; speed_select.v                   ; yes             ; User Verilog HDL File              ; D:/FPGA_pro/weizhi_uart8bit/speed_select.v ;         ;
; my_uart_tx.v                     ; yes             ; User Verilog HDL File              ; D:/FPGA_pro/weizhi_uart8bit/my_uart_tx.v   ;         ;
; my_uart_rx.v                     ; yes             ; User Verilog HDL File              ; D:/FPGA_pro/weizhi_uart8bit/my_uart_rx.v   ;         ;
; compare_new8.v                   ; yes             ; User Verilog HDL File              ; D:/FPGA_pro/weizhi_uart8bit/compare_new8.v ;         ;
; main_new8.bdf                    ; yes             ; User Block Diagram/Schematic File  ; D:/FPGA_pro/weizhi_uart8bit/main_new8.bdf  ;         ;
; data_select8.v                   ; yes             ; User Verilog HDL File              ; D:/FPGA_pro/weizhi_uart8bit/data_select8.v ;         ;
+----------------------------------+-----------------+------------------------------------+--------------------------------------------+---------+


+--------------------------------------------------------------------------------------+
; Analysis & Synthesis Resource Usage Summary                                          ;
+---------------------------------------------+----------------------------------------+
; Resource                                    ; Usage                                  ;
+---------------------------------------------+----------------------------------------+
; Estimated Total logic elements              ; 304                                    ;
;                                             ;                                        ;
; Total combinational functions               ; 194                                    ;
; Logic element usage by number of LUT inputs ;                                        ;
;     -- 4 input functions                    ; 43                                     ;
;     -- 3 input functions                    ; 116                                    ;
;     -- <=2 input functions                  ; 35                                     ;
;                                             ;                                        ;
; Logic elements by mode                      ;                                        ;
;     -- normal mode                          ; 77                                     ;
;     -- arithmetic mode                      ; 117                                    ;
;                                             ;                                        ;
; Total registers                             ; 141                                    ;
;     -- Dedicated logic registers            ; 141                                    ;
;     -- I/O registers                        ; 0                                      ;
;                                             ;                                        ;
; I/O pins                                    ; 15                                     ;
;                                             ;                                        ;
; Embedded Multiplier 9-bit elements          ; 0                                      ;
;                                             ;                                        ;
; Maximum fan-out node                        ; uart:inst|my_uart_rx:my_uart_rx|rx_int ;
; Maximum fan-out                             ; 59                                     ;
; Total fan-out                               ; 999                                    ;
; Average fan-out                             ; 2.74                                   ;
+---------------------------------------------+----------------------------------------+


+-------------------------------------------------------------------------------------------------------------------------------------------------------------------------------------------------------+
; Analysis & Synthesis Resource Utilization by Entity                                                                                                                                                   ;
+-------------------------------+-------------------+--------------+-------------+--------------+---------+-----------+------+--------------+--------------------------------------------+--------------+
; Compilation Hierarchy Node    ; LC Combinationals ; LC Registers ; Memory Bits ; DSP Elements ; DSP 9x9 ; DSP 18x18 ; Pins ; Virtual Pins ; Full Hierarchy Name                        ; Library Name ;
+-------------------------------+-------------------+--------------+-------------+--------------+---------+-----------+------+--------------+--------------------------------------------+--------------+
; |main_new8                    ; 194 (6)           ; 141 (0)      ; 0           ; 0            ; 0       ; 0         ; 15   ; 0            ; |main_new8                                 ; work         ;
;    |compare_new8:inst10|      ; 40 (40)           ; 0 (0)        ; 0           ; 0            ; 0       ; 0         ; 0    ; 0            ; |main_new8|compare_new8:inst10             ; work         ;
;    |compare_new8:inst11|      ; 40 (40)           ; 0 (0)        ; 0           ; 0            ; 0       ; 0         ; 0    ; 0            ; |main_new8|compare_new8:inst11             ; work         ;
;    |compare_new8:inst9|       ; 40 (40)           ; 0 (0)        ; 0           ; 0            ; 0       ; 0         ; 0    ; 0            ; |main_new8|compare_new8:inst9              ; work         ;
;    |data_select8:inst13|      ; 20 (20)           ; 101 (101)    ; 0           ; 0            ; 0       ; 0         ; 0    ; 0            ; |main_new8|data_select8:inst13             ; work         ;
;    |uart:inst|                ; 48 (0)            ; 40 (0)       ; 0           ; 0            ; 0       ; 0         ; 0    ; 0            ; |main_new8|uart:inst                       ; work         ;
;       |my_uart_rx:my_uart_rx| ; 28 (28)           ; 26 (26)      ; 0           ; 0            ; 0       ; 0         ; 0    ; 0            ; |main_new8|uart:inst|my_uart_rx:my_uart_rx ; work         ;
;       |speed_select:speed_rx| ; 20 (20)           ; 14 (14)      ; 0           ; 0            ; 0       ; 0         ; 0    ; 0            ; |main_new8|uart:inst|speed_select:speed_rx ; work         ;
+-------------------------------+-------------------+--------------+-------------+--------------+---------+-----------+------+--------------+--------------------------------------------+--------------+
Note: For table entries with two numbers listed, the numbers in parentheses indicate the number of resources of the given type used by the specific entity alone. The numbers listed outside of parentheses indicate the total resources of the given type used by the specific entity and all of its sub-entities in the hierarchy.


+----------------------------------------------------------------------------------------------+
; Registers Removed During Synthesis                                                           ;
+------------------------------------------------+---------------------------------------------+
; Register name                                  ; Reason for Removal                          ;
+------------------------------------------------+---------------------------------------------+
; uart:inst|my_uart_tx:my_uart_tx|rx_int0        ; Stuck at GND due to stuck port data_in      ;
; uart:inst|my_uart_tx:my_uart_tx|rx_int1        ; Stuck at GND due to stuck port data_in      ;
; uart:inst|my_uart_tx:my_uart_tx|rx_int2        ; Stuck at GND due to stuck port data_in      ;
; uart:inst|my_uart_tx:my_uart_tx|bps_start_r    ; Stuck at GND due to stuck port data_in      ;
; uart:inst|my_uart_tx:my_uart_tx|tx_data[0..7]  ; Stuck at GND due to stuck port clock_enable ;
; uart:inst|my_uart_tx:my_uart_tx|bps_start_r~en ; Lost fanout                                 ;
; uart:inst|speed_select:speed_tx|cnt[1..12]     ; Stuck at GND due to stuck port data_in      ;
; uart:inst|speed_select:speed_tx|cnt[0]         ; Lost fanout                                 ;
; uart:inst|my_uart_rx:my_uart_rx|bps_start_r~en ; Lost fanout                                 ;
; uart:inst|speed_select:speed_tx|clk_bps_r      ; Stuck at GND due to stuck port data_in      ;
; uart:inst|my_uart_tx:my_uart_tx|tx_en          ; Stuck at GND due to stuck port data_in      ;
; uart:inst|my_uart_tx:my_uart_tx|rs232_tx_r     ; Stuck at VCC due to stuck port clock_enable ;
; uart:inst|my_uart_tx:my_uart_tx|num[0..3]      ; Stuck at GND due to stuck port data_in      ;
; Total Number of Removed Registers = 34         ;                                             ;
+------------------------------------------------+---------------------------------------------+


+----------------------------------------------------------------------------------------------------------------------------------------------------------+
; Removed Registers Triggering Further Register Optimizations                                                                                              ;
+-----------------------------------------+---------------------------+------------------------------------------------------------------------------------+
; Register name                           ; Reason for Removal        ; Registers Removed due to This Register                                             ;
+-----------------------------------------+---------------------------+------------------------------------------------------------------------------------+
; uart:inst|my_uart_tx:my_uart_tx|rx_int0 ; Stuck at GND              ; uart:inst|my_uart_tx:my_uart_tx|rx_int1, uart:inst|my_uart_tx:my_uart_tx|rx_int2,  ;
;                                         ; due to stuck port data_in ; uart:inst|my_uart_tx:my_uart_tx|bps_start_r,                                       ;
;                                         ;                           ; uart:inst|my_uart_tx:my_uart_tx|tx_data[7],                                        ;
;                                         ;                           ; uart:inst|my_uart_tx:my_uart_tx|tx_data[6],                                        ;
;                                         ;                           ; uart:inst|my_uart_tx:my_uart_tx|tx_data[5],                                        ;
;                                         ;                           ; uart:inst|my_uart_tx:my_uart_tx|tx_data[4],                                        ;
;                                         ;                           ; uart:inst|my_uart_tx:my_uart_tx|tx_data[3],                                        ;
;                                         ;                           ; uart:inst|my_uart_tx:my_uart_tx|tx_data[2],                                        ;
;                                         ;                           ; uart:inst|my_uart_tx:my_uart_tx|tx_data[1],                                        ;
;                                         ;                           ; uart:inst|my_uart_tx:my_uart_tx|tx_data[0],                                        ;
;                                         ;                           ; uart:inst|my_uart_tx:my_uart_tx|bps_start_r~en,                                    ;
;                                         ;                           ; uart:inst|speed_select:speed_tx|cnt[12], uart:inst|speed_select:speed_tx|cnt[11],  ;
;                                         ;                           ; uart:inst|speed_select:speed_tx|cnt[10], uart:inst|speed_select:speed_tx|cnt[9],   ;
;                                         ;                           ; uart:inst|speed_select:speed_tx|cnt[8], uart:inst|speed_select:speed_tx|cnt[5],    ;
;                                         ;                           ; uart:inst|speed_select:speed_tx|cnt[2], uart:inst|speed_select:speed_tx|cnt[1],    ;
;                                         ;                           ; uart:inst|speed_select:speed_tx|clk_bps_r, uart:inst|my_uart_tx:my_uart_tx|tx_en,  ;
;                                         ;                           ; uart:inst|my_uart_tx:my_uart_tx|rs232_tx_r, uart:inst|my_uart_tx:my_uart_tx|num[3] ;
+-----------------------------------------+---------------------------+------------------------------------------------------------------------------------+


+------------------------------------------------------+
; General Register Statistics                          ;
+----------------------------------------------+-------+
; Statistic                                    ; Value ;
+----------------------------------------------+-------+
; Total registers                              ; 141   ;
; Number of registers using Synchronous Clear  ; 13    ;
; Number of registers using Synchronous Load   ; 0     ;
; Number of registers using Asynchronous Clear ; 39    ;
; Number of registers using Asynchronous Load  ; 0     ;
; Number of registers using Clock Enable       ; 59    ;
; Number of registers using Preset             ; 0     ;
+----------------------------------------------+-------+


+-----------------------------------------------------------------------------------------------------------------------------------------------------------------+
; Multiplexer Restructuring Statistics (Restructuring Performed)                                                                                                  ;
+--------------------+-----------+---------------+----------------------+------------------------+------------+---------------------------------------------------+
; Multiplexer Inputs ; Bus Width ; Baseline Area ; Area if Restructured ; Saving if Restructured ; Registered ; Example Multiplexer Output                        ;
+--------------------+-----------+---------------+----------------------+------------------------+------------+---------------------------------------------------+
; 3:1                ; 4 bits    ; 8 LEs         ; 4 LEs                ; 4 LEs                  ; Yes        ; |main_new8|uart:inst|my_uart_rx:my_uart_rx|num[3] ;
+--------------------+-----------+---------------+----------------------+------------------------+------------+---------------------------------------------------+


+-----------------------------------------------------+
; Post-Synthesis Netlist Statistics for Top Partition ;
+-----------------------+-----------------------------+
; Type                  ; Count                       ;
+-----------------------+-----------------------------+
; boundary_port         ; 15                          ;
; cycloneiii_ff         ; 141                         ;
;     CLR               ; 18                          ;
;     CLR SCLR          ; 13                          ;
;     ENA               ; 51                          ;
;     ENA CLR           ; 8                           ;
;     plain             ; 51                          ;
; cycloneiii_lcell_comb ; 195                         ;
;     arith             ; 117                         ;
;         2 data inputs ; 12                          ;
;         3 data inputs ; 105                         ;
;     normal            ; 78                          ;
;         0 data inputs ; 1                           ;
;         1 data inputs ; 2                           ;
;         2 data inputs ; 21                          ;
;         3 data inputs ; 11                          ;
;         4 data inputs ; 43                          ;
;                       ;                             ;
; Max LUT depth         ; 3.70                        ;
; Average LUT depth     ; 2.45                        ;
+-----------------------+-----------------------------+


+-------------------------------+
; Elapsed Time Per Partition    ;
+----------------+--------------+
; Partition Name ; Elapsed Time ;
+----------------+--------------+
; Top            ; 00:00:00     ;
+----------------+--------------+


+-------------------------------+
; Analysis & Synthesis Messages ;
+-------------------------------+
Info: *******************************************************************
Info: Running Quartus II 64-Bit Analysis & Synthesis
    Info: Version 15.0.0 Build 145 04/22/2015 SJ Full Version
    Info: Processing started: Tue Jun 05 10:05:33 2018
Info: Command: quartus_map --read_settings_files=on --write_settings_files=off weizhi_uart -c weizhi_uart
Info (11104): Parallel Compilation has detected 4 hyper-threaded processors. However, the extra hyper-threaded processors will not be used by default. Parallel Compilation will use 2 of the 2 physical processors detected instead.
Info (12021): Found 1 design units, including 1 entities, in source file uart.v
    Info (12023): Found entity 1: uart
Info (12021): Found 1 design units, including 1 entities, in source file speed_select.v
    Info (12023): Found entity 1: speed_select
Info (12021): Found 1 design units, including 1 entities, in source file my_uart_tx.v
    Info (12023): Found entity 1: my_uart_tx
Info (12021): Found 1 design units, including 1 entities, in source file my_uart_rx.v
    Info (12023): Found entity 1: my_uart_rx
Info (12021): Found 1 design units, including 1 entities, in source file main_new.bdf
    Info (12023): Found entity 1: main_new
Info (12021): Found 1 design units, including 1 entities, in source file data_select.v
    Info (12023): Found entity 1: data_select
Info (12021): Found 1 design units, including 1 entities, in source file compare_new.v
    Info (12023): Found entity 1: compare_new
Info (12021): Found 1 design units, including 1 entities, in source file compare_new8.v
    Info (12023): Found entity 1: compare_new8
Info (12021): Found 1 design units, including 1 entities, in source file main_new8.bdf
    Info (12023): Found entity 1: main_new8
Info (12021): Found 1 design units, including 1 entities, in source file data_select8.v
    Info (12023): Found entity 1: data_select8
Info (12021): Found 1 design units, including 1 entities, in source file output_files/compare_newtemp.v
    Info (12023): Found entity 1: compare_newTEMP
Info (12021): Found 1 design units, including 1 entities, in source file main_newtemp.bdf
    Info (12023): Found entity 1: main_newtemp
Info (12127): Elaborating entity "main_new8" for the top level hierarchy
Warning (275011): Block or symbol "compare_new8" of instance "inst9" overlaps another block or symbol
Warning (275011): Block or symbol "compare_new8" of instance "inst11" overlaps another block or symbol
Info (12128): Elaborating entity "compare_new8" for hierarchy "compare_new8:inst11"
Warning (10235): Verilog HDL Always Construct warning at compare_new8.v(12): variable "model" is read inside the Always Construct but isn't in the Always Construct's Event Control
Warning (10235): Verilog HDL Always Construct warning at compare_new8.v(14): variable "close" is read inside the Always Construct but isn't in the Always Construct's Event Control
Warning (10235): Verilog HDL Always Construct warning at compare_new8.v(14): variable "open" is read inside the Always Construct but isn't in the Always Construct's Event Control
Warning (10235): Verilog HDL Always Construct warning at compare_new8.v(19): variable "open" is read inside the Always Construct but isn't in the Always Construct's Event Control
Warning (10235): Verilog HDL Always Construct warning at compare_new8.v(19): variable "close" is read inside the Always Construct but isn't in the Always Construct's Event Control
Info (12128): Elaborating entity "data_select8" for hierarchy "data_select8:inst13"
Info (12128): Elaborating entity "uart" for hierarchy "uart:inst"
Info (12128): Elaborating entity "speed_select" for hierarchy "uart:inst|speed_select:speed_rx"
Info (12128): Elaborating entity "my_uart_rx" for hierarchy "uart:inst|my_uart_rx:my_uart_rx"
Info (12128): Elaborating entity "my_uart_tx" for hierarchy "uart:inst|my_uart_tx:my_uart_tx"
Warning (13046): Tri-state node(s) do not directly drive top-level pin(s)
    Warning (13049): Converted tri-state buffer "uart:inst|my_uart_tx:my_uart_tx|bps_start" feeding internal logic into a wire
    Warning (13049): Converted tri-state buffer "uart:inst|my_uart_rx:my_uart_rx|bps_start" feeding internal logic into a wire
Warning (13024): Output pins are stuck at VCC or GND
    Warning (13410): Pin "tx" is stuck at VCC
Info (286030): Timing-Driven Synthesis is running
Info (17049): 3 registers lost all their fanouts during netlist optimizations.
Info (16010): Generating hard_block partition "hard_block:auto_generated_inst"
    Info (16011): Adding 0 node(s), including 0 DDIO, 0 PLL, 0 transceiver and 0 LCELL
Info (21057): Implemented 319 device resources after synthesis - the final resource count might be different
    Info (21058): Implemented 11 input pins
    Info (21059): Implemented 4 output pins
    Info (21061): Implemented 304 logic cells
Info: Quartus II 64-Bit Analysis & Synthesis was successful. 0 errors, 12 warnings
    Info: Peak virtual memory: 652 megabytes
    Info: Processing ended: Tue Jun 05 10:05:46 2018
    Info: Elapsed time: 00:00:13
    Info: Total CPU time (on all processors): 00:00:32


